2025-09-19T12:54:54 | touched: src/lib.rs
2025-01-15T22:34:57 | touched: src/lib.rs
2025-10-29T06:30:06 | touched: Cargo.toml
2025-07-22T21:45:57 | touched: LICENSE
2025-09-09T23:43:18 | touched: README.md
2025-12-07T07:39:40 | touched: src/main.rs
2025-03-30T10:18:49 | touched: src/main.rs
2025-01-24T06:47:22 | touched: src/main.rs
2025-10-28T19:19:55 | touched: Cargo.toml
2025-11-27T00:34:28 | touched: src/lib.rs
2025-11-09T19:16:13 | touched: README.md
2025-09-14T05:13:29 | touched: src/main.rs
2025-08-10T06:07:58 | touched: src/main.rs
2025-11-21T15:45:44 | touched: Cargo.toml
2025-05-21T21:38:12 | touched: src/main.rs
2025-04-09T03:56:09 | touched: README.md
2025-04-23T15:55:07 | touched: README.md
2025-09-12T18:27:19 | touched: README.md
2025-05-13T23:33:55 | touched: src/main.rs
2025-08-02T23:43:19 | touched: LICENSE
2025-09-01T04:32:15 | touched: src/main.rs
2025-02-27T09:39:26 | touched: src/main.rs
2025-05-30T14:41:50 | touched: LICENSE
2025-08-13T00:20:59 | touched: src/lib.rs
2025-06-08T00:15:23 | touched: README.md
2025-08-28T17:35:49 | touched: src/lib.rs
2025-07-09T00:02:42 | touched: README.md
2025-01-05T04:15:24 | touched: src/main.rs
2025-09-04T09:12:10 | touched: README.md
2025-04-16T09:05:02 | touched: README.md
2025-06-30T05:03:36 | touched: src/main.rs
2025-10-13T21:17:45 | touched: src/main.rs
2025-09-24T11:48:05 | touched: src/main.rs
2025-05-15T11:08:42 | touched: LICENSE
2025-03-09T06:13:38 | touched: LICENSE
2025-11-11T15:15:58 | touched: LICENSE
2025-05-23T15:25:20 | touched: Cargo.toml
2025-01-06T14:27:31 | touched: Cargo.toml
